mode: atomic
github.com/dracoblue/atproto-push-gateway/internal/did/resolver.go:58.30,65.2 1 3
github.com/dracoblue/atproto-push-gateway/internal/did/resolver.go:68.65,71.76 2 3
github.com/dracoblue/atproto-push-gateway/internal/did/resolver.go:71.76,74.3 2 2
github.com/dracoblue/atproto-push-gateway/internal/did/resolver.go:75.2,78.16 3 1
github.com/dracoblue/atproto-push-gateway/internal/did/resolver.go:78.16,80.3 1 1
github.com/dracoblue/atproto-push-gateway/internal/did/resolver.go:83.2,90.17 4 0
github.com/dracoblue/atproto-push-gateway/internal/did/resolver.go:93.71,96.9 2 1
github.com/dracoblue/atproto-push-gateway/internal/did/resolver.go:97.42,98.39 1 0
github.com/dracoblue/atproto-push-gateway/internal/did/resolver.go:99.42,103.54 3 0
github.com/dracoblue/atproto-push-gateway/internal/did/resolver.go:104.10,105.60 1 1
github.com/dracoblue/atproto-push-gateway/internal/did/resolver.go:108.2,109.16 2 0
github.com/dracoblue/atproto-push-gateway/internal/did/resolver.go:109.16,111.3 1 0
github.com/dracoblue/atproto-push-gateway/internal/did/resolver.go:112.2,114.38 2 0
github.com/dracoblue/atproto-push-gateway/internal/did/resolver.go:114.38,116.3 1 0
github.com/dracoblue/atproto-push-gateway/internal/did/resolver.go:118.2,119.64 2 0
github.com/dracoblue/atproto-push-gateway/internal/did/resolver.go:119.64,121.3 1 0
github.com/dracoblue/atproto-push-gateway/internal/did/resolver.go:123.2,123.18 1 0
github.com/dracoblue/atproto-push-gateway/internal/did/resolver.go:128.64,129.44 1 2
github.com/dracoblue/atproto-push-gateway/internal/did/resolver.go:129.44,130.43 1 2
github.com/dracoblue/atproto-push-gateway/internal/did/resolver.go:130.43,131.12 1 1
github.com/dracoblue/atproto-push-gateway/internal/did/resolver.go:135.3,135.29 1 1
github.com/dracoblue/atproto-push-gateway/internal/did/resolver.go:135.29,137.4 1 0
github.com/dracoblue/atproto-push-gateway/internal/did/resolver.go:140.3,140.34 1 1
github.com/dracoblue/atproto-push-gateway/internal/did/resolver.go:140.34,142.4 1 0
github.com/dracoblue/atproto-push-gateway/internal/did/resolver.go:144.3,144.85 1 1
github.com/dracoblue/atproto-push-gateway/internal/did/resolver.go:147.2,147.96 1 1
github.com/dracoblue/atproto-push-gateway/internal/did/resolver.go:151.54,152.21 1 0
github.com/dracoblue/atproto-push-gateway/internal/did/resolver.go:152.21,154.3 1 0
github.com/dracoblue/atproto-push-gateway/internal/did/resolver.go:156.2,157.16 2 0
github.com/dracoblue/atproto-push-gateway/internal/did/resolver.go:157.16,159.3 1 0
github.com/dracoblue/atproto-push-gateway/internal/did/resolver.go:160.2,161.16 2 0
github.com/dracoblue/atproto-push-gateway/internal/did/resolver.go:161.16,163.3 1 0
github.com/dracoblue/atproto-push-gateway/internal/did/resolver.go:165.2,166.17 2 0
github.com/dracoblue/atproto-push-gateway/internal/did/resolver.go:167.19,168.27 1 0
github.com/dracoblue/atproto-push-gateway/internal/did/resolver.go:169.15,170.26 1 0
github.com/dracoblue/atproto-push-gateway/internal/did/resolver.go:171.10,172.63 1 0
github.com/dracoblue/atproto-push-gateway/internal/did/resolver.go:175.2,179.8 1 0
github.com/dracoblue/atproto-push-gateway/internal/did/resolver.go:186.83,187.24 1 0
github.com/dracoblue/atproto-push-gateway/internal/did/resolver.go:187.24,189.3 1 0
github.com/dracoblue/atproto-push-gateway/internal/did/resolver.go:191.2,192.19 2 0
github.com/dracoblue/atproto-push-gateway/internal/did/resolver.go:192.19,194.3 1 0
github.com/dracoblue/atproto-push-gateway/internal/did/resolver.go:196.2,197.20 2 0
github.com/dracoblue/atproto-push-gateway/internal/did/resolver.go:197.20,199.3 1 0
github.com/dracoblue/atproto-push-gateway/internal/did/resolver.go:201.2,201.22 1 0
github.com/dracoblue/atproto-push-gateway/internal/did/resolver.go:201.22,203.3 1 0
github.com/dracoblue/atproto-push-gateway/internal/did/resolver.go:208.2,208.68 1 0
github.com/dracoblue/atproto-push-gateway/internal/did/resolver.go:208.68,211.31 2 0
github.com/dracoblue/atproto-push-gateway/internal/did/resolver.go:211.31,213.4 1 0
github.com/dracoblue/atproto-push-gateway/internal/did/resolver.go:214.3,215.17 2 0
github.com/dracoblue/atproto-push-gateway/internal/did/resolver.go:215.17,217.4 1 0
github.com/dracoblue/atproto-push-gateway/internal/did/resolver.go:218.3,222.9 1 0
github.com/dracoblue/atproto-push-gateway/internal/did/resolver.go:225.2,225.68 1 0
github.com/dracoblue/atproto-push-gateway/internal/did/resolver.go:225.68,228.31 2 0
github.com/dracoblue/atproto-push-gateway/internal/did/resolver.go:228.31,230.4 1 0
github.com/dracoblue/atproto-push-gateway/internal/did/resolver.go:231.3,232.15 2 0
github.com/dracoblue/atproto-push-gateway/internal/did/resolver.go:232.15,234.4 1 0
github.com/dracoblue/atproto-push-gateway/internal/did/resolver.go:235.3,239.9 1 0
github.com/dracoblue/atproto-push-gateway/internal/did/resolver.go:242.2,242.92 1 0
github.com/dracoblue/atproto-push-gateway/internal/did/resolver.go:246.36,252.22 4 3
github.com/dracoblue/atproto-push-gateway/internal/did/resolver.go:252.22,254.14 2 3
github.com/dracoblue/atproto-push-gateway/internal/did/resolver.go:254.14,256.4 1 1
github.com/dracoblue/atproto-push-gateway/internal/did/resolver.go:257.3,258.45 2 2
github.com/dracoblue/atproto-push-gateway/internal/did/resolver.go:262.2,263.22 2 2
github.com/dracoblue/atproto-push-gateway/internal/did/resolver.go:263.22,264.15 1 2
github.com/dracoblue/atproto-push-gateway/internal/did/resolver.go:264.15,265.9 1 1
github.com/dracoblue/atproto-push-gateway/internal/did/resolver.go:267.3,267.17 1 1
github.com/dracoblue/atproto-push-gateway/internal/did/resolver.go:270.2,274.16 4 2
github.com/dracoblue/atproto-push-gateway/internal/jetstream/consumer.go:117.37,126.2 1 0
github.com/dracoblue/atproto-push-gateway/internal/jetstream/consumer.go:128.117,138.27 2 0
github.com/dracoblue/atproto-push-gateway/internal/jetstream/consumer.go:138.27,140.3 1 0
github.com/dracoblue/atproto-push-gateway/internal/jetstream/consumer.go:141.2,141.10 1 0
github.com/dracoblue/atproto-push-gateway/internal/jetstream/consumer.go:145.27,147.2 1 0
github.com/dracoblue/atproto-push-gateway/internal/jetstream/consumer.go:151.44,152.9 1 0
github.com/dracoblue/atproto-push-gateway/internal/jetstream/consumer.go:153.19,153.19 0 0
github.com/dracoblue/atproto-push-gateway/internal/jetstream/consumer.go:155.10,156.19 1 0
github.com/dracoblue/atproto-push-gateway/internal/jetstream/consumer.go:160.26,162.9 1 0
github.com/dracoblue/atproto-push-gateway/internal/jetstream/consumer.go:163.19,164.71 1 0
github.com/dracoblue/atproto-push-gateway/internal/jetstream/consumer.go:165.18,167.9 2 0
github.com/dracoblue/atproto-push-gateway/internal/jetstream/consumer.go:170.2,180.34 3 0
github.com/dracoblue/atproto-push-gateway/internal/jetstream/consumer.go:180.34,182.3 1 0
github.com/dracoblue/atproto-push-gateway/internal/jetstream/consumer.go:184.2,187.6 3 0
github.com/dracoblue/atproto-push-gateway/internal/jetstream/consumer.go:187.6,188.10 1 0
github.com/dracoblue/atproto-push-gateway/internal/jetstream/consumer.go:189.19,191.10 2 0
github.com/dracoblue/atproto-push-gateway/internal/jetstream/consumer.go:192.11,192.11 0 0
github.com/dracoblue/atproto-push-gateway/internal/jetstream/consumer.go:195.3,197.48 2 0
github.com/dracoblue/atproto-push-gateway/internal/jetstream/consumer.go:197.48,199.4 1 0
github.com/dracoblue/atproto-push-gateway/internal/jetstream/consumer.go:201.3,202.17 2 0
github.com/dracoblue/atproto-push-gateway/internal/jetstream/consumer.go:202.17,205.4 1 0
github.com/dracoblue/atproto-push-gateway/internal/jetstream/consumer.go:207.3,207.10 1 0
github.com/dracoblue/atproto-push-gateway/internal/jetstream/consumer.go:208.19,210.10 2 0
github.com/dracoblue/atproto-push-gateway/internal/jetstream/consumer.go:211.11,211.11 0 0
github.com/dracoblue/atproto-push-gateway/internal/jetstream/consumer.go:214.3,216.10 2 0
github.com/dracoblue/atproto-push-gateway/internal/jetstream/consumer.go:217.30,217.30 0 0
github.com/dracoblue/atproto-push-gateway/internal/jetstream/consumer.go:218.19,220.10 2 0
github.com/dracoblue/atproto-push-gateway/internal/jetstream/consumer.go:224.3,225.27 2 0
github.com/dracoblue/atproto-push-gateway/internal/jetstream/consumer.go:225.27,227.4 1 0
github.com/dracoblue/atproto-push-gateway/internal/jetstream/consumer.go:231.46,235.16 3 0
github.com/dracoblue/atproto-push-gateway/internal/jetstream/consumer.go:235.16,238.3 2 0
github.com/dracoblue/atproto-push-gateway/internal/jetstream/consumer.go:239.2,243.16 3 0
github.com/dracoblue/atproto-push-gateway/internal/jetstream/consumer.go:243.16,246.3 2 0
github.com/dracoblue/atproto-push-gateway/internal/jetstream/consumer.go:247.2,251.6 3 0
github.com/dracoblue/atproto-push-gateway/internal/jetstream/consumer.go:251.6,252.10 1 0
github.com/dracoblue/atproto-push-gateway/internal/jetstream/consumer.go:253.19,254.14 1 0
github.com/dracoblue/atproto-push-gateway/internal/jetstream/consumer.go:255.11,255.11 0 0
github.com/dracoblue/atproto-push-gateway/internal/jetstream/consumer.go:258.3,259.17 2 0
github.com/dracoblue/atproto-push-gateway/internal/jetstream/consumer.go:259.17,262.4 2 0
github.com/dracoblue/atproto-push-gateway/internal/jetstream/consumer.go:264.3,267.41 2 0
github.com/dracoblue/atproto-push-gateway/internal/jetstream/consumer.go:267.41,269.18 2 0
github.com/dracoblue/atproto-push-gateway/internal/jetstream/consumer.go:269.18,271.13 2 0
github.com/dracoblue/atproto-push-gateway/internal/jetstream/consumer.go:273.4,273.26 1 0
github.com/dracoblue/atproto-push-gateway/internal/jetstream/consumer.go:276.3,279.57 3 0
github.com/dracoblue/atproto-push-gateway/internal/jetstream/consumer.go:279.57,280.12 1 0
github.com/dracoblue/atproto-push-gateway/internal/jetstream/consumer.go:284.3,284.23 1 0
github.com/dracoblue/atproto-push-gateway/internal/jetstream/consumer.go:284.23,286.4 1 0
github.com/dracoblue/atproto-push-gateway/internal/jetstream/consumer.go:288.3,288.52 1 0
github.com/dracoblue/atproto-push-gateway/internal/jetstream/consumer.go:288.52,289.12 1 0
github.com/dracoblue/atproto-push-gateway/internal/jetstream/consumer.go:292.3,292.42 1 0
github.com/dracoblue/atproto-push-gateway/internal/jetstream/consumer.go:296.71,297.27 1 0
github.com/dracoblue/atproto-push-gateway/internal/jetstream/consumer.go:298.28,299.35 1 0
github.com/dracoblue/atproto-push-gateway/internal/jetstream/consumer.go:299.35,301.4 1 0
github.com/dracoblue/atproto-push-gateway/internal/jetstream/consumer.go:302.30,303.35 1 0
github.com/dracoblue/atproto-push-gateway/internal/jetstream/consumer.go:303.35,305.4 1 0
github.com/dracoblue/atproto-push-gateway/internal/jetstream/consumer.go:306.28,307.35 1 0
github.com/dracoblue/atproto-push-gateway/internal/jetstream/consumer.go:307.35,309.4 1 0
github.com/dracoblue/atproto-push-gateway/internal/jetstream/consumer.go:310.31,311.35 1 0
github.com/dracoblue/atproto-push-gateway/internal/jetstream/consumer.go:311.35,313.4 1 0
github.com/dracoblue/atproto-push-gateway/internal/jetstream/consumer.go:314.30,315.35 1 0
github.com/dracoblue/atproto-push-gateway/internal/jetstream/consumer.go:315.35,317.4 1 0
github.com/dracoblue/atproto-push-gateway/internal/jetstream/consumer.go:317.9,317.42 1 0
github.com/dracoblue/atproto-push-gateway/internal/jetstream/consumer.go:317.42,319.4 1 0
github.com/dracoblue/atproto-push-gateway/internal/jetstream/consumer.go:320.37,321.35 1 0
github.com/dracoblue/atproto-push-gateway/internal/jetstream/consumer.go:321.35,323.4 1 0
github.com/dracoblue/atproto-push-gateway/internal/jetstream/consumer.go:323.9,323.42 1 0
github.com/dracoblue/atproto-push-gateway/internal/jetstream/consumer.go:323.42,325.4 1 0
github.com/dracoblue/atproto-push-gateway/internal/jetstream/consumer.go:330.43,331.38 1 9
github.com/dracoblue/atproto-push-gateway/internal/jetstream/consumer.go:331.38,333.3 1 2
github.com/dracoblue/atproto-push-gateway/internal/jetstream/consumer.go:334.2,335.21 2 7
github.com/dracoblue/atproto-push-gateway/internal/jetstream/consumer.go:335.21,337.3 1 0
github.com/dracoblue/atproto-push-gateway/internal/jetstream/consumer.go:338.2,338.17 1 7
github.com/dracoblue/atproto-push-gateway/internal/jetstream/consumer.go:341.85,343.54 2 0
github.com/dracoblue/atproto-push-gateway/internal/jetstream/consumer.go:343.54,345.3 1 0
github.com/dracoblue/atproto-push-gateway/internal/jetstream/consumer.go:347.2,348.46 2 0
github.com/dracoblue/atproto-push-gateway/internal/jetstream/consumer.go:348.46,350.3 1 0
github.com/dracoblue/atproto-push-gateway/internal/jetstream/consumer.go:352.2,356.21 3 0
github.com/dracoblue/atproto-push-gateway/internal/jetstream/consumer.go:356.21,358.79 2 0
github.com/dracoblue/atproto-push-gateway/internal/jetstream/consumer.go:358.79,360.4 1 0
github.com/dracoblue/atproto-push-gateway/internal/jetstream/consumer.go:364.87,366.56 2 0
github.com/dracoblue/atproto-push-gateway/internal/jetstream/consumer.go:366.56,368.3 1 0
github.com/dracoblue/atproto-push-gateway/internal/jetstream/consumer.go:370.2,371.46 2 0
github.com/dracoblue/atproto-push-gateway/internal/jetstream/consumer.go:371.46,373.3 1 0
github.com/dracoblue/atproto-push-gateway/internal/jetstream/consumer.go:375.2,379.23 3 0
github.com/dracoblue/atproto-push-gateway/internal/jetstream/consumer.go:379.23,381.79 2 0
github.com/dracoblue/atproto-push-gateway/internal/jetstream/consumer.go:381.79,383.4 1 0
github.com/dracoblue/atproto-push-gateway/internal/jetstream/consumer.go:387.85,389.54 2 0
github.com/dracoblue/atproto-push-gateway/internal/jetstream/consumer.go:389.54,391.3 1 0
github.com/dracoblue/atproto-push-gateway/internal/jetstream/consumer.go:393.2,396.23 2 0
github.com/dracoblue/atproto-push-gateway/internal/jetstream/consumer.go:396.23,398.47 2 0
github.com/dracoblue/atproto-push-gateway/internal/jetstream/consumer.go:398.47,400.4 1 0
github.com/dracoblue/atproto-push-gateway/internal/jetstream/consumer.go:404.2,404.97 1 0
github.com/dracoblue/atproto-push-gateway/internal/jetstream/consumer.go:404.97,406.47 2 0
github.com/dracoblue/atproto-push-gateway/internal/jetstream/consumer.go:406.47,408.4 1 0
github.com/dracoblue/atproto-push-gateway/internal/jetstream/consumer.go:412.2,412.36 1 0
github.com/dracoblue/atproto-push-gateway/internal/jetstream/consumer.go:412.36,413.42 1 0
github.com/dracoblue/atproto-push-gateway/internal/jetstream/consumer.go:413.42,414.105 1 0
github.com/dracoblue/atproto-push-gateway/internal/jetstream/consumer.go:414.105,416.5 1 0
github.com/dracoblue/atproto-push-gateway/internal/jetstream/consumer.go:421.87,423.56 2 0
github.com/dracoblue/atproto-push-gateway/internal/jetstream/consumer.go:423.56,425.3 1 0
github.com/dracoblue/atproto-push-gateway/internal/jetstream/consumer.go:427.2,427.56 1 0
github.com/dracoblue/atproto-push-gateway/internal/jetstream/consumer.go:427.56,429.3 1 0
github.com/dracoblue/atproto-push-gateway/internal/jetstream/consumer.go:431.2,432.71 2 0
github.com/dracoblue/atproto-push-gateway/internal/jetstream/consumer.go:435.92,437.55 2 0
github.com/dracoblue/atproto-push-gateway/internal/jetstream/consumer.go:437.55,439.3 1 0
github.com/dracoblue/atproto-push-gateway/internal/jetstream/consumer.go:441.2,441.25 1 0
github.com/dracoblue/atproto-push-gateway/internal/jetstream/consumer.go:441.25,443.3 1 0
github.com/dracoblue/atproto-push-gateway/internal/jetstream/consumer.go:446.2,446.75 1 0
github.com/dracoblue/atproto-push-gateway/internal/jetstream/consumer.go:446.75,449.3 2 0
github.com/dracoblue/atproto-push-gateway/internal/jetstream/consumer.go:452.68,453.16 1 0
github.com/dracoblue/atproto-push-gateway/internal/jetstream/consumer.go:453.16,455.3 1 0
github.com/dracoblue/atproto-push-gateway/internal/jetstream/consumer.go:457.2,458.16 2 0
github.com/dracoblue/atproto-push-gateway/internal/jetstream/consumer.go:458.16,461.3 2 0
github.com/dracoblue/atproto-push-gateway/internal/jetstream/consumer.go:462.2,462.22 1 0
github.com/dracoblue/atproto-push-gateway/internal/jetstream/consumer.go:462.22,464.3 1 0
github.com/dracoblue/atproto-push-gateway/internal/jetstream/consumer.go:467.102,469.62 2 0
github.com/dracoblue/atproto-push-gateway/internal/jetstream/consumer.go:469.62,471.3 1 0
github.com/dracoblue/atproto-push-gateway/internal/jetstream/consumer.go:473.2,473.32 1 0
github.com/dracoblue/atproto-push-gateway/internal/jetstream/consumer.go:473.32,475.3 1 0
github.com/dracoblue/atproto-push-gateway/internal/jetstream/consumer.go:478.2,481.49 2 0
github.com/dracoblue/atproto-push-gateway/internal/jetstream/consumer.go:481.49,483.3 1 0
github.com/dracoblue/atproto-push-gateway/internal/jetstream/consumer.go:485.2,487.103 3 0
github.com/dracoblue/atproto-push-gateway/internal/jetstream/consumer.go:490.78,491.16 1 0
github.com/dracoblue/atproto-push-gateway/internal/jetstream/consumer.go:491.16,493.3 1 0
github.com/dracoblue/atproto-push-gateway/internal/jetstream/consumer.go:495.2,496.16 2 0
github.com/dracoblue/atproto-push-gateway/internal/jetstream/consumer.go:496.16,499.3 2 0
github.com/dracoblue/atproto-push-gateway/internal/jetstream/consumer.go:501.2,501.22 1 0
github.com/dracoblue/atproto-push-gateway/internal/jetstream/consumer.go:501.22,503.3 1 0
github.com/dracoblue/atproto-push-gateway/internal/jetstream/consumer.go:505.2,505.39 1 0
github.com/dracoblue/atproto-push-gateway/internal/jetstream/consumer.go:505.39,507.3 1 0
github.com/dracoblue/atproto-push-gateway/internal/jetstream/consumer.go:509.2,511.97 3 0
github.com/dracoblue/atproto-push-gateway/internal/jetstream/consumer.go:544.88,546.17 2 0
github.com/dracoblue/atproto-push-gateway/internal/jetstream/consumer.go:546.17,548.3 1 0
github.com/dracoblue/atproto-push-gateway/internal/jetstream/consumer.go:550.2,551.21 2 0
github.com/dracoblue/atproto-push-gateway/internal/jetstream/consumer.go:551.21,553.3 1 0
github.com/dracoblue/atproto-push-gateway/internal/jetstream/consumer.go:554.2,554.21 1 0
github.com/dracoblue/atproto-push-gateway/internal/jetstream/consumer.go:554.21,556.3 1 0
github.com/dracoblue/atproto-push-gateway/internal/jetstream/consumer.go:558.2,559.20 2 0
github.com/dracoblue/atproto-push-gateway/internal/jetstream/consumer.go:559.20,561.3 1 0
github.com/dracoblue/atproto-push-gateway/internal/jetstream/consumer.go:563.2,563.52 1 0
github.com/dracoblue/atproto-push-gateway/internal/jetstream/consumer.go:563.52,565.3 1 0
github.com/dracoblue/atproto-push-gateway/internal/jetstream/consumer.go:567.2,567.48 1 0
github.com/dracoblue/atproto-push-gateway/internal/jetstream/consumer.go:570.96,571.38 1 0
github.com/dracoblue/atproto-push-gateway/internal/jetstream/consumer.go:571.38,573.3 1 0
github.com/dracoblue/atproto-push-gateway/internal/jetstream/consumer.go:575.2,575.44 1 0
github.com/dracoblue/atproto-push-gateway/internal/jetstream/consumer.go:575.44,578.3 2 0
github.com/dracoblue/atproto-push-gateway/internal/jetstream/consumer.go:580.2,581.16 2 0
github.com/dracoblue/atproto-push-gateway/internal/jetstream/consumer.go:581.16,584.3 2 0
github.com/dracoblue/atproto-push-gateway/internal/jetstream/consumer.go:586.2,591.30 4 0
github.com/dracoblue/atproto-push-gateway/internal/jetstream/consumer.go:591.30,593.3 1 0
github.com/dracoblue/atproto-push-gateway/internal/jetstream/consumer.go:595.2,597.31 2 0
github.com/dracoblue/atproto-push-gateway/internal/jetstream/consumer.go:597.31,612.23 2 0
github.com/dracoblue/atproto-push-gateway/internal/jetstream/consumer.go:612.23,614.4 1 0
github.com/dracoblue/atproto-push-gateway/internal/jetstream/consumer.go:616.3,616.42 1 0
github.com/dracoblue/atproto-push-gateway/internal/jetstream/consumer.go:616.42,619.4 2 0
github.com/dracoblue/atproto-push-gateway/internal/jetstream/consumer.go:619.9,621.4 1 0
github.com/dracoblue/atproto-push-gateway/internal/profile/resolver.go:37.30,44.2 1 4
github.com/dracoblue/atproto-push-gateway/internal/profile/resolver.go:48.64,51.76 2 3
github.com/dracoblue/atproto-push-gateway/internal/profile/resolver.go:51.76,54.3 2 1
github.com/dracoblue/atproto-push-gateway/internal/profile/resolver.go:55.2,62.34 4 2
github.com/dracoblue/atproto-push-gateway/internal/profile/resolver.go:62.34,64.3 1 0
github.com/dracoblue/atproto-push-gateway/internal/profile/resolver.go:65.2,72.28 3 2
github.com/dracoblue/atproto-push-gateway/internal/profile/resolver.go:77.58,79.23 2 3
github.com/dracoblue/atproto-push-gateway/internal/profile/resolver.go:79.23,81.3 1 1
github.com/dracoblue/atproto-push-gateway/internal/profile/resolver.go:82.2,82.18 1 2
github.com/dracoblue/atproto-push-gateway/internal/profile/resolver.go:82.18,84.3 1 0
github.com/dracoblue/atproto-push-gateway/internal/profile/resolver.go:85.2,85.12 1 2
github.com/dracoblue/atproto-push-gateway/internal/profile/resolver.go:88.62,92.16 3 2
github.com/dracoblue/atproto-push-gateway/internal/profile/resolver.go:92.16,95.3 2 2
github.com/dracoblue/atproto-push-gateway/internal/profile/resolver.go:96.2,98.38 2 0
github.com/dracoblue/atproto-push-gateway/internal/profile/resolver.go:98.38,101.3 2 0
github.com/dracoblue/atproto-push-gateway/internal/profile/resolver.go:103.2,104.68 2 0
github.com/dracoblue/atproto-push-gateway/internal/profile/resolver.go:104.68,107.3 2 0
github.com/dracoblue/atproto-push-gateway/internal/profile/resolver.go:109.2,109.44 1 0
github.com/dracoblue/atproto-push-gateway/internal/profile/resolver.go:114.34,121.34 3 1
github.com/dracoblue/atproto-push-gateway/internal/profile/resolver.go:121.34,123.3 1 100
github.com/dracoblue/atproto-push-gateway/internal/profile/resolver.go:125.2,126.17 2 1
github.com/dracoblue/atproto-push-gateway/internal/profile/resolver.go:126.17,128.3 1 0
github.com/dracoblue/atproto-push-gateway/internal/profile/resolver.go:130.2,130.31 1 1
github.com/dracoblue/atproto-push-gateway/internal/profile/resolver.go:130.31,132.37 2 25
github.com/dracoblue/atproto-push-gateway/internal/profile/resolver.go:132.37,133.63 1 2175
github.com/dracoblue/atproto-push-gateway/internal/profile/resolver.go:133.63,135.5 1 67
github.com/dracoblue/atproto-push-gateway/internal/profile/resolver.go:137.3,139.37 3 25
github.com/dracoblue/atproto-push-gateway/internal/store/store.go:32.41,34.16 2 10
github.com/dracoblue/atproto-push-gateway/internal/store/store.go:34.16,36.3 1 0
github.com/dracoblue/atproto-push-gateway/internal/store/store.go:38.2,61.17 1 10
github.com/dracoblue/atproto-push-gateway/internal/store/store.go:61.17,63.3 1 0
github.com/dracoblue/atproto-push-gateway/internal/store/store.go:65.2,76.43 2 10
github.com/dracoblue/atproto-push-gateway/internal/store/store.go:76.43,78.3 1 0
github.com/dracoblue/atproto-push-gateway/internal/store/store.go:80.2,80.15 1 10
github.com/dracoblue/atproto-push-gateway/internal/store/store.go:83.40,86.16 2 10
github.com/dracoblue/atproto-push-gateway/internal/store/store.go:86.16,88.3 1 0
github.com/dracoblue/atproto-push-gateway/internal/store/store.go:89.2,90.18 2 10
github.com/dracoblue/atproto-push-gateway/internal/store/store.go:90.18,92.41 2 1
github.com/dracoblue/atproto-push-gateway/internal/store/store.go:92.41,94.4 1 0
github.com/dracoblue/atproto-push-gateway/internal/store/store.go:95.3,95.31 1 1
github.com/dracoblue/atproto-push-gateway/internal/store/store.go:99.2,100.16 2 10
github.com/dracoblue/atproto-push-gateway/internal/store/store.go:100.16,102.3 1 0
github.com/dracoblue/atproto-push-gateway/internal/store/store.go:103.2,104.23 2 10
github.com/dracoblue/atproto-push-gateway/internal/store/store.go:104.23,106.67 2 1
github.com/dracoblue/atproto-push-gateway/internal/store/store.go:106.67,108.4 1 0
github.com/dracoblue/atproto-push-gateway/internal/store/store.go:109.3,109.31 1 1
github.com/dracoblue/atproto-push-gateway/internal/store/store.go:109.31,111.4 1 1
github.com/dracoblue/atproto-push-gateway/internal/store/store.go:112.3,113.17 2 1
github.com/dracoblue/atproto-push-gateway/internal/store/store.go:113.17,114.38 1 1
github.com/dracoblue/atproto-push-gateway/internal/store/store.go:114.38,116.5 1 1
github.com/dracoblue/atproto-push-gateway/internal/store/store.go:117.4,117.43 1 1
github.com/dracoblue/atproto-push-gateway/internal/store/store.go:122.2,123.16 2 10
github.com/dracoblue/atproto-push-gateway/internal/store/store.go:123.16,125.3 1 0
github.com/dracoblue/atproto-push-gateway/internal/store/store.go:126.2,127.23 2 10
github.com/dracoblue/atproto-push-gateway/internal/store/store.go:127.23,129.68 2 0
github.com/dracoblue/atproto-push-gateway/internal/store/store.go:129.68,131.4 1 0
github.com/dracoblue/atproto-push-gateway/internal/store/store.go:132.3,132.45 1 0
github.com/dracoblue/atproto-push-gateway/internal/store/store.go:132.45,134.4 1 0
github.com/dracoblue/atproto-push-gateway/internal/store/store.go:135.3,135.50 1 0
github.com/dracoblue/atproto-push-gateway/internal/store/store.go:138.2,138.12 1 10
github.com/dracoblue/atproto-push-gateway/internal/store/store.go:141.82,147.16 2 12
github.com/dracoblue/atproto-push-gateway/internal/store/store.go:147.16,149.3 1 0
github.com/dracoblue/atproto-push-gateway/internal/store/store.go:151.2,155.12 4 12
github.com/dracoblue/atproto-push-gateway/internal/store/store.go:158.84,163.16 2 2
github.com/dracoblue/atproto-push-gateway/internal/store/store.go:163.16,165.3 1 0
github.com/dracoblue/atproto-push-gateway/internal/store/store.go:168.2,170.16 3 2
github.com/dracoblue/atproto-push-gateway/internal/store/store.go:170.16,174.3 3 1
github.com/dracoblue/atproto-push-gateway/internal/store/store.go:176.2,176.12 1 2
github.com/dracoblue/atproto-push-gateway/internal/store/store.go:179.47,183.2 3 5
github.com/dracoblue/atproto-push-gateway/internal/store/store.go:185.42,189.2 3 0
github.com/dracoblue/atproto-push-gateway/internal/store/store.go:191.66,196.16 2 4
github.com/dracoblue/atproto-push-gateway/internal/store/store.go:196.16,198.3 1 0
github.com/dracoblue/atproto-push-gateway/internal/store/store.go:199.2,202.18 3 4
github.com/dracoblue/atproto-push-gateway/internal/store/store.go:202.18,204.85 2 4
github.com/dracoblue/atproto-push-gateway/internal/store/store.go:204.85,206.4 1 0
github.com/dracoblue/atproto-push-gateway/internal/store/store.go:207.3,207.29 1 4
github.com/dracoblue/atproto-push-gateway/internal/store/store.go:209.2,209.20 1 4
github.com/dracoblue/atproto-push-gateway/internal/store/store.go:212.69,217.16 2 4
github.com/dracoblue/atproto-push-gateway/internal/store/store.go:217.16,219.3 1 0
github.com/dracoblue/atproto-push-gateway/internal/store/store.go:221.2,222.33 2 4
github.com/dracoblue/atproto-push-gateway/internal/store/store.go:222.33,224.3 1 4
github.com/dracoblue/atproto-push-gateway/internal/store/store.go:225.2,226.16 2 4
github.com/dracoblue/atproto-push-gateway/internal/store/store.go:226.16,227.40 1 1
github.com/dracoblue/atproto-push-gateway/internal/store/store.go:227.40,229.4 1 1
github.com/dracoblue/atproto-push-gateway/internal/store/store.go:230.3,230.48 1 1
github.com/dracoblue/atproto-push-gateway/internal/store/store.go:232.2,234.12 2 4
github.com/dracoblue/atproto-push-gateway/internal/store/store.go:239.76,242.39 3 0
github.com/dracoblue/atproto-push-gateway/internal/store/store.go:242.39,244.3 1 0
github.com/dracoblue/atproto-push-gateway/internal/store/store.go:245.2,247.22 2 0
github.com/dracoblue/atproto-push-gateway/internal/store/store.go:247.22,249.3 1 0
github.com/dracoblue/atproto-push-gateway/internal/store/store.go:251.2,251.62 1 0
github.com/dracoblue/atproto-push-gateway/internal/store/store.go:251.62,253.3 1 0
github.com/dracoblue/atproto-push-gateway/internal/store/store.go:255.2,256.39 2 0
github.com/dracoblue/atproto-push-gateway/internal/store/store.go:256.39,258.3 1 0
github.com/dracoblue/atproto-push-gateway/internal/store/store.go:259.2,261.24 2 0
github.com/dracoblue/atproto-push-gateway/internal/store/store.go:264.66,269.16 2 1
github.com/dracoblue/atproto-push-gateway/internal/store/store.go:269.16,271.3 1 0
github.com/dracoblue/atproto-push-gateway/internal/store/store.go:273.2,274.33 2 1
github.com/dracoblue/atproto-push-gateway/internal/store/store.go:274.33,276.3 1 1
github.com/dracoblue/atproto-push-gateway/internal/store/store.go:277.2,279.12 2 1
github.com/dracoblue/atproto-push-gateway/internal/store/store.go:282.60,287.65 3 6
github.com/dracoblue/atproto-push-gateway/internal/store/store.go:287.65,289.3 1 1
github.com/dracoblue/atproto-push-gateway/internal/store/store.go:290.2,290.64 1 5
github.com/dracoblue/atproto-push-gateway/internal/store/store.go:290.64,292.3 1 2
github.com/dracoblue/atproto-push-gateway/internal/store/store.go:293.2,293.14 1 3
github.com/dracoblue/atproto-push-gateway/internal/store/store.go:296.75,303.2 6 1
github.com/dracoblue/atproto-push-gateway/internal/store/store.go:305.77,310.16 2 0
github.com/dracoblue/atproto-push-gateway/internal/store/store.go:310.16,312.3 1 0
github.com/dracoblue/atproto-push-gateway/internal/store/store.go:314.2,315.47 2 0
github.com/dracoblue/atproto-push-gateway/internal/store/store.go:315.47,317.3 1 0
github.com/dracoblue/atproto-push-gateway/internal/store/store.go:318.2,321.12 3 0
github.com/dracoblue/atproto-push-gateway/internal/store/store.go:326.84,329.47 3 0
github.com/dracoblue/atproto-push-gateway/internal/store/store.go:329.47,331.3 1 0
github.com/dracoblue/atproto-push-gateway/internal/store/store.go:332.2,334.22 2 0
github.com/dracoblue/atproto-push-gateway/internal/store/store.go:334.22,336.3 1 0
github.com/dracoblue/atproto-push-gateway/internal/store/store.go:338.2,342.16 2 0
github.com/dracoblue/atproto-push-gateway/internal/store/store.go:342.16,344.3 1 0
github.com/dracoblue/atproto-push-gateway/internal/store/store.go:346.2,347.47 2 0
github.com/dracoblue/atproto-push-gateway/internal/store/store.go:347.47,349.3 1 0
github.com/dracoblue/atproto-push-gateway/internal/store/store.go:350.2,352.24 2 0
github.com/dracoblue/atproto-push-gateway/internal/store/store.go:355.31,357.2 1 10
github.com/dracoblue/atproto-push-gateway/internal/xrpc/handler.go:52.100,54.2 1 0
github.com/dracoblue/atproto-push-gateway/internal/xrpc/handler.go:56.68,58.2 1 8
github.com/dracoblue/atproto-push-gateway/internal/xrpc/handler.go:60.73,67.91 5 8
github.com/dracoblue/atproto-push-gateway/internal/xrpc/handler.go:67.91,81.3 3 1
github.com/dracoblue/atproto-push-gateway/internal/xrpc/handler.go:84.2,84.77 1 8
github.com/dracoblue/atproto-push-gateway/internal/xrpc/handler.go:84.77,92.29 3 1
github.com/dracoblue/atproto-push-gateway/internal/xrpc/handler.go:92.29,94.4 1 0
github.com/dracoblue/atproto-push-gateway/internal/xrpc/handler.go:95.3,95.36 1 1
github.com/dracoblue/atproto-push-gateway/internal/xrpc/handler.go:99.2,99.15 1 8
github.com/dracoblue/atproto-push-gateway/internal/xrpc/handler.go:99.15,102.3 2 7
github.com/dracoblue/atproto-push-gateway/internal/xrpc/handler.go:105.78,107.61 2 7
github.com/dracoblue/atproto-push-gateway/internal/xrpc/handler.go:107.61,110.3 2 0
github.com/dracoblue/atproto-push-gateway/internal/xrpc/handler.go:112.2,112.86 1 7
github.com/dracoblue/atproto-push-gateway/internal/xrpc/handler.go:112.86,115.3 2 4
github.com/dracoblue/atproto-push-gateway/internal/xrpc/handler.go:117.2,117.81 1 3
github.com/dracoblue/atproto-push-gateway/internal/xrpc/handler.go:117.81,120.3 2 1
github.com/dracoblue/atproto-push-gateway/internal/xrpc/handler.go:123.2,124.16 2 2
github.com/dracoblue/atproto-push-gateway/internal/xrpc/handler.go:124.16,128.3 3 1
github.com/dracoblue/atproto-push-gateway/internal/xrpc/handler.go:130.2,130.92 1 1
github.com/dracoblue/atproto-push-gateway/internal/xrpc/handler.go:130.92,134.3 3 0
github.com/dracoblue/atproto-push-gateway/internal/xrpc/handler.go:136.2,137.32 2 1
github.com/dracoblue/atproto-push-gateway/internal/xrpc/handler.go:137.32,139.3 1 0
github.com/dracoblue/atproto-push-gateway/internal/xrpc/handler.go:140.2,140.30 1 1
github.com/dracoblue/atproto-push-gateway/internal/xrpc/handler.go:143.80,145.61 2 1
github.com/dracoblue/atproto-push-gateway/internal/xrpc/handler.go:145.61,148.3 2 0
github.com/dracoblue/atproto-push-gateway/internal/xrpc/handler.go:150.2,150.86 1 1
github.com/dracoblue/atproto-push-gateway/internal/xrpc/handler.go:150.86,153.3 2 0
github.com/dracoblue/atproto-push-gateway/internal/xrpc/handler.go:155.2,156.16 2 1
github.com/dracoblue/atproto-push-gateway/internal/xrpc/handler.go:156.16,159.3 2 0
github.com/dracoblue/atproto-push-gateway/internal/xrpc/handler.go:161.2,161.94 1 1
github.com/dracoblue/atproto-push-gateway/internal/xrpc/handler.go:161.94,165.3 3 0
github.com/dracoblue/atproto-push-gateway/internal/xrpc/handler.go:167.2,168.30 2 1
github.com/dracoblue/atproto-push-gateway/internal/xrpc/handler.go:171.63,172.15 1 3
github.com/dracoblue/atproto-push-gateway/internal/xrpc/handler.go:172.15,175.16 2 2
github.com/dracoblue/atproto-push-gateway/internal/xrpc/handler.go:175.16,177.4 1 2
github.com/dracoblue/atproto-push-gateway/internal/xrpc/handler.go:181.2,182.47 2 1
github.com/dracoblue/atproto-push-gateway/internal/xrpc/handler.go:182.47,184.3 1 1
github.com/dracoblue/atproto-push-gateway/internal/xrpc/handler.go:185.2,189.21 3 0
github.com/dracoblue/atproto-push-gateway/internal/xrpc/handler.go:189.21,191.3 1 0
github.com/dracoblue/atproto-push-gateway/internal/xrpc/handler.go:194.2,195.16 2 0
github.com/dracoblue/atproto-push-gateway/internal/xrpc/handler.go:195.16,197.3 1 0
github.com/dracoblue/atproto-push-gateway/internal/xrpc/handler.go:199.2,200.57 2 0
github.com/dracoblue/atproto-push-gateway/internal/xrpc/handler.go:200.57,202.3 1 0
github.com/dracoblue/atproto-push-gateway/internal/xrpc/handler.go:205.2,205.21 1 0
github.com/dracoblue/atproto-push-gateway/internal/xrpc/handler.go:205.21,207.3 1 0
github.com/dracoblue/atproto-push-gateway/internal/xrpc/handler.go:208.2,208.36 1 0
github.com/dracoblue/atproto-push-gateway/internal/xrpc/handler.go:208.36,210.3 1 0
github.com/dracoblue/atproto-push-gateway/internal/xrpc/handler.go:213.2,213.22 1 0
github.com/dracoblue/atproto-push-gateway/internal/xrpc/handler.go:213.22,215.3 1 0
github.com/dracoblue/atproto-push-gateway/internal/xrpc/handler.go:216.2,216.44 1 0
github.com/dracoblue/atproto-push-gateway/internal/xrpc/handler.go:216.44,218.3 1 0
github.com/dracoblue/atproto-push-gateway/internal/xrpc/handler.go:222.2,223.16 2 0
github.com/dracoblue/atproto-push-gateway/internal/xrpc/handler.go:223.16,225.3 1 0
github.com/dracoblue/atproto-push-gateway/internal/xrpc/handler.go:227.2,228.60 2 0
github.com/dracoblue/atproto-push-gateway/internal/xrpc/handler.go:228.60,230.3 1 0
github.com/dracoblue/atproto-push-gateway/internal/xrpc/handler.go:233.2,233.26 1 0
github.com/dracoblue/atproto-push-gateway/internal/xrpc/handler.go:233.26,235.17 2 0
github.com/dracoblue/atproto-push-gateway/internal/xrpc/handler.go:235.17,238.4 2 0
github.com/dracoblue/atproto-push-gateway/internal/xrpc/handler.go:240.3,241.17 2 0
github.com/dracoblue/atproto-push-gateway/internal/xrpc/handler.go:241.17,244.4 2 0
github.com/dracoblue/atproto-push-gateway/internal/xrpc/handler.go:247.3,248.17 2 0
github.com/dracoblue/atproto-push-gateway/internal/xrpc/handler.go:248.17,250.4 1 0
github.com/dracoblue/atproto-push-gateway/internal/xrpc/handler.go:252.3,256.21 4 0
github.com/dracoblue/atproto-push-gateway/internal/xrpc/handler.go:257.17,259.39 1 0
github.com/dracoblue/atproto-push-gateway/internal/xrpc/handler.go:259.39,262.5 2 0
github.com/dracoblue/atproto-push-gateway/internal/xrpc/handler.go:263.4,263.62 1 0
github.com/dracoblue/atproto-push-gateway/internal/xrpc/handler.go:264.16,265.39 1 0
github.com/dracoblue/atproto-push-gateway/internal/xrpc/handler.go:265.39,268.5 2 0
github.com/dracoblue/atproto-push-gateway/internal/xrpc/handler.go:269.4,269.62 1 0
github.com/dracoblue/atproto-push-gateway/internal/xrpc/handler.go:270.11,272.26 2 0
github.com/dracoblue/atproto-push-gateway/internal/xrpc/handler.go:275.3,275.16 1 0
github.com/dracoblue/atproto-push-gateway/internal/xrpc/handler.go:275.16,277.4 1 0
github.com/dracoblue/atproto-push-gateway/internal/xrpc/handler.go:279.3,279.86 1 0
github.com/dracoblue/atproto-push-gateway/internal/xrpc/handler.go:282.2,282.24 1 0
github.com/dracoblue/atproto-push-gateway/internal/xrpc/handler.go:286.82,290.27 2 0
github.com/dracoblue/atproto-push-gateway/internal/xrpc/handler.go:290.27,293.3 1 0
github.com/dracoblue/atproto-push-gateway/internal/xrpc/handler.go:295.2,298.41 3 0
github.com/dracoblue/atproto-push-gateway/internal/xrpc/handler.go:302.78,309.61 2 0
github.com/dracoblue/atproto-push-gateway/internal/xrpc/handler.go:309.61,312.3 2 0
github.com/dracoblue/atproto-push-gateway/internal/xrpc/handler.go:314.2,314.96 1 0
github.com/dracoblue/atproto-push-gateway/internal/xrpc/handler.go:314.96,317.3 2 0
github.com/dracoblue/atproto-push-gateway/internal/xrpc/handler.go:319.2,320.32 2 0
github.com/dracoblue/atproto-push-gateway/internal/xrpc/handler.go:320.32,322.3 1 0
github.com/dracoblue/atproto-push-gateway/internal/xrpc/handler.go:323.2,324.70 2 0
github.com/dracoblue/atproto-push-gateway/internal/xrpc/handler.go:328.74,332.61 2 0
github.com/dracoblue/atproto-push-gateway/internal/xrpc/handler.go:332.61,335.3 2 0
github.com/dracoblue/atproto-push-gateway/internal/xrpc/handler.go:337.2,338.36 2 0
github.com/dracoblue/atproto-push-gateway/internal/xrpc/handler.go:338.36,341.3 2 0
github.com/dracoblue/atproto-push-gateway/internal/xrpc/handler.go:343.2,346.4 1 0
github.com/dracoblue/atproto-push-gateway/internal/xrpc/handler.go:349.63,351.2 1 1
